<?xml version="1.0" encoding="UTF-8"?>
<testng-results ignored="0" total="1" passed="1" failed="0" skipped="0">
  <reporter-output>
  </reporter-output>
  <suite started-at="2026-04-07T11:23:27 IST" name="Default suite" finished-at="2026-04-07T11:23:48 IST" duration-ms="20819">
    <groups>
    </groups>
    <test started-at="2026-04-07T11:23:27 IST" name="Default test" finished-at="2026-04-07T11:23:48 IST" duration-ms="20819">
      <class name="tests.clinicalExamination.OcularHistoryTest">
        <test-method is-config="true" signature="setUp()[pri:0, instance:tests.clinicalExamination.OcularHistoryTest@1165b38]" started-at="2026-04-07T11:23:27 IST" name="setUp" finished-at="2026-04-07T11:23:29 IST" duration-ms="1989" status="PASS">
          <reporter-output>
          </reporter-output>
        </test-method> <!-- setUp -->
        <test-method signature="validateOcularAndSystemicFlow()[pri:0, instance:tests.clinicalExamination.OcularHistoryTest@1165b38]" started-at="2026-04-07T11:23:29 IST" name="validateOcularAndSystemicFlow" finished-at="2026-04-07T11:23:48 IST" duration-ms="18792" status="PASS">
          <reporter-output>
          </reporter-output>
        </test-method> <!-- validateOcularAndSystemicFlow -->
        <test-method is-config="true" signature="tearDown()[pri:0, instance:tests.clinicalExamination.OcularHistoryTest@1165b38]" started-at="2026-04-07T11:23:48 IST" name="tearDown" finished-at="2026-04-07T11:23:48 IST" duration-ms="0" status="PASS">
          <reporter-output>
          </reporter-output>
        </test-method> <!-- tearDown -->
        <test-method is-config="true" signature="captureFailure(org.testng.ITestResult)[pri:0, instance:tests.clinicalExamination.OcularHistoryTest@1165b38]" started-at="2026-04-07T11:23:48 IST" name="captureFailure" finished-at="2026-04-07T11:23:48 IST" duration-ms="0" status="PASS">
          <params>
            <param index="0">
              <value>
                <![CDATA[[TestResult name=validateOcularAndSystemicFlow status=SUCCESS method=OcularHistoryTest.validateOcularAndSystemicFlow()[pri:0, instance:tests.clinicalExamination.OcularHistoryTest@1165b38] output={null}]]]>
              </value>
            </param>
          </params>
          <reporter-output>
          </reporter-output>
        </test-method> <!-- captureFailure -->
      </class> <!-- tests.clinicalExamination.OcularHistoryTest -->
    </test> <!-- Default test -->
  </suite> <!-- Default suite -->
</testng-results>
